nohup: ignoring input

======================================================================
BENCHMARKING: dna_random
======================================================================

Dataset file: data\generated\dna_random\text_100K.txt
Patterns file: data\generated\dna_random\patterns_100K.txt
  Scale: 100,000 characters

    Pattern: 'TGACATTCGGAGGAAAAG...' (len=18, occurs=1x)
      Finite Automata     : 109.8261 ms  (mem=    5.12 KB)  std=20.6455
      Z-Algorithm         : 274.6898 ms  (mem=  879.72 KB)  std=48.6211
      Bitap               : 837.1104 ms  (mem=   39.79 KB)  std=50.7109

    Pattern: 'TGACATTCGGAGGAAAAGAACACTATAAAC...' (len=54, occurs=1x)
      Finite Automata     : 124.1051 ms  (mem=   16.53 KB)  std=28.6200
      Z-Algorithm         : 268.5667 ms  (mem=  880.00 KB)  std=10.7339
      Bitap               : 768.8604 ms  (mem=   39.80 KB)  std=39.5708

    Pattern: 'GACACAAG...' (len=8, occurs=2x)
      Finite Automata     :  71.9762 ms  (mem=    2.04 KB)  std=0.9151
      Z-Algorithm         : 279.7097 ms  (mem=  879.61 KB)  std=12.2171
      Bitap               : 629.4039 ms  (mem=   39.67 KB)  std=8.0775

Dataset file: data\generated\dna_random\text_500K.txt
Patterns file: data\generated\dna_random\patterns_500K.txt
  Scale: 500,000 characters

    Pattern: 'GTAACTAGCTTCTTGAAAGGAGCG...' (len=24, occurs=1x)
      Finite Automata     : 441.2978 ms  (mem=    7.05 KB)  std=6.8876
      Z-Algorithm         : 1343.2216 ms  (mem= 4395.32 KB)  std=37.1384
      Bitap               : 7313.5214 ms  (mem=  196.00 KB)  std=59.2385

    Pattern: 'GTAACTAGCTTCTTGAAAGGAGCGTTTTTC...' (len=52, occurs=1x)
      Finite Automata     : 498.8682 ms  (mem=   13.91 KB)  std=0.4127
      Z-Algorithm         : 1031.5285 ms  (mem= 4395.49 KB)  std=27.2764
      Bitap               : 6588.0610 ms  (mem=  196.00 KB)  std=31.9514

    Pattern: 'GTAGTCAG...' (len=8, occurs=12x)
      Finite Automata     : 332.6316 ms  (mem=    2.03 KB)  std=12.7686
      Z-Algorithm         : 988.2359 ms  (mem= 4395.53 KB)  std=16.6015
      Bitap               : 6067.8498 ms  (mem=  196.24 KB)  std=210.9750

Dataset file: data\generated\dna_random\text_1M.txt
Patterns file: data\generated\dna_random\patterns_1M.txt
  Scale: 1,000,000 characters

    Pattern: 'AGGTTATAAATTCGC...' (len=15, occurs=1x)
      Finite Automata     : 688.0589 ms  (mem=    3.56 KB)  std=33.3557
      Z-Algorithm         : 2174.6771 ms  (mem= 8789.67 KB)  std=121.8214
      Bitap               : 20774.9479 ms  (mem=  391.25 KB)  std=149.3202

    Pattern: 'AGGTTATAAATTCGCGGCACCAGGAGGTCT...' (len=64, occurs=1x)
      Finite Automata     : 823.4533 ms  (mem=   13.85 KB)  std=143.1079
      Z-Algorithm         : 2231.4499 ms  (mem= 8790.08 KB)  std=3.0509
      Bitap               : 22361.9808 ms  (mem=  391.28 KB)  std=199.9567

    Pattern: 'AAAGCCAA...' (len=8, occurs=15x)
      Finite Automata     : 644.8503 ms  (mem=    2.07 KB)  std=24.0683
      Z-Algorithm         : 1978.0708 ms  (mem= 8790.10 KB)  std=3.6912
      Bitap               : 19763.7308 ms  (mem=  391.59 KB)  std=541.3801

Dataset file: data\generated\dna_random\text_5M.txt
Patterns file: data\generated\dna_random\patterns_5M.txt
  Scale: 5,000,000 characters

    Pattern: 'TCCGGAGGTGCCAGCCA...' (len=17, occurs=1x)
      Finite Automata     : 3249.3053 ms  (mem=    3.51 KB)  std=10.5882
      Z-Algorithm         : 9762.1359 ms  (mem=43945.88 KB)  std=69.8540
      Bitap               : 633816.5741 ms  (mem= 1953.71 KB)  std=60329.8797

    Pattern: 'TCCGGAGGTGCCAGCCATCGCAAAACTGCG...' (len=49, occurs=1x)
      Finite Automata     : 3853.9809 ms  (mem=   13.81 KB)  std=132.4968
      Z-Algorithm         : 12161.2466 ms  (mem=43946.15 KB)  std=171.5959
      Bitap               : 730602.1579 ms  (mem= 1953.71 KB)  std=110677.3475

    Pattern: 'CGTTCGGG...' (len=8, occurs=92x)
      Finite Automata     : 3190.6720 ms  (mem=    5.01 KB)  std=50.0368
      Z-Algorithm         : 9986.1601 ms  (mem=43949.29 KB)  std=105.5180
      Bitap               : 704215.7130 ms  (mem= 1957.04 KB)  std=172791.6492

Dataset file: data\generated\dna_random\text_10M.txt
Patterns file: data\generated\dna_random\patterns_10M.txt
  Scale: 10,000,000 characters

    Pattern: 'AGAACGCCAACCGGGCTTTTTC...' (len=22, occurs=1x)
      Finite Automata     : 14389.2267 ms  (mem=    6.89 KB)  std=7405.3049
      Z-Algorithm         : 66419.7369 ms  (mem=87891.18 KB)  std=54.3668
      Bitap               : 3888925.9048 ms  (mem= 3906.75 KB)  std=582003.9935

    Pattern: 'AGAACGCCAACCGGGCTTTTTCAGTCTAAG...' (len=50, occurs=1x)
      Finite Automata     : 27248.1991 ms  (mem=   13.76 KB)  std=358.1003
      Z-Algorithm         : 80519.2735 ms  (mem=87891.41 KB)  std=414.6627
      Bitap               : 1872205.8329 ms  (mem= 3906.75 KB)  std=229155.4148

    Pattern: 'CTTGCACT...' (len=8, occurs=161x)
      Finite Automata     : 6719.7038 ms  (mem=    7.77 KB)  std=280.6088
      Z-Algorithm         : 19732.5357 ms  (mem=87897.35 KB)  std=655.4215
      Bitap               : 1607429.3503 ms  (mem= 3912.89 KB)  std=3004.1433

======================================================================
BENCHMARKING: repetitive
======================================================================

Dataset file: data\generated\repetitive\text_100K.txt
Patterns file: data\generated\repetitive\patterns_100K.txt
  Scale: 100,000 characters

    Pattern: 'AAAAAAAAAAAAAAAAAAAA...' (len=20, occurs=4000x)
      Finite Automata     : 156.0778 ms  (mem= 3189.27 KB)  std=4.7304
      Z-Algorithm         : 465.1608 ms  (mem= 4067.80 KB)  std=13.9024
      Bitap               : 692.5363 ms  (mem= 3227.86 KB)  std=35.5447

    Pattern: 'AAAAAAAAAAAAAAAAAAAAAAAAAAAAAA...' (len=48, occurs=2000x)
      Finite Automata     : 143.8617 ms  (mem= 2056.46 KB)  std=17.2742
      Z-Algorithm         : 468.2943 ms  (mem= 2933.64 KB)  std=20.7273
      Bitap               : 641.8852 ms  (mem= 2093.46 KB)  std=29.8696

    Pattern: 'AAAAAAAA...' (len=8, occurs=12000x)
      Finite Automata     : 170.2857 ms  (mem= 3650.18 KB)  std=1.4330
      Z-Algorithm         : 466.0267 ms  (mem= 4528.88 KB)  std=12.2273
      Bitap               : 567.6940 ms  (mem= 3688.95 KB)  std=19.8485

Dataset file: data\generated\repetitive\text_500K.txt
Patterns file: data\generated\repetitive\patterns_500K.txt
  Scale: 500,000 characters

    Pattern: 'AAAAAAAAAAAAAAAAAAAAAA...' (len=22, occurs=20000x)
      Finite Automata     : 794.1504 ms  (mem=15397.64 KB)  std=0.7466
      Z-Algorithm         : 2412.0718 ms  (mem=19791.29 KB)  std=54.4641
      Bitap               : 6454.8061 ms  (mem=15591.96 KB)  std=19.5779

    Pattern: 'AAAAAAAAAAAAAAAAAAAAAAAAAAAAAA...' (len=37, occurs=10000x)
      Finite Automata     : 681.2303 ms  (mem=12379.92 KB)  std=19.0316
      Z-Algorithm         : 2138.9316 ms  (mem=16773.70 KB)  std=1.0319
      Bitap               : 6428.1365 ms  (mem=12574.24 KB)  std=6.0261

    Pattern: 'AAAAAAAA...' (len=8, occurs=60000x)
      Finite Automata     : 847.1391 ms  (mem=17985.43 KB)  std=27.9971
      Z-Algorithm         : 2459.2756 ms  (mem=22379.76 KB)  std=73.2534
      Bitap               : 6074.3070 ms  (mem=18180.45 KB)  std=19.9788

Dataset file: data\generated\repetitive\text_1M.txt
Patterns file: data\generated\repetitive\patterns_1M.txt
  Scale: 1,000,000 characters

    Pattern: 'AAAAAAAAAAAAAAAAAAA...' (len=19, occurs=50000x)
      Finite Automata     : 1576.7858 ms  (mem=31825.46 KB)  std=10.1666
      Z-Algorithm         : 4719.8051 ms  (mem=40614.14 KB)  std=153.9763
      Bitap               : 20612.6500 ms  (mem=32215.61 KB)  std=215.8876

    Pattern: 'AAAAAAAAAAAAAAAAAAAAAAAAAAAAAA...' (len=45, occurs=20000x)
      Finite Automata     : 1260.1739 ms  (mem=21763.14 KB)  std=10.6874
      Z-Algorithm         : 4354.6805 ms  (mem=30550.46 KB)  std=43.6157
      Bitap               : 20447.3941 ms  (mem=22151.71 KB)  std=379.7986

    Pattern: 'AAAABAAA...' (len=8, occurs=9999x)
      Finite Automata     : 630.0044 ms  (mem=  396.41 KB)  std=9.8059
      Z-Algorithm         : 3874.8864 ms  (mem= 9184.95 KB)  std=25.3814
      Bitap               : 18310.6531 ms  (mem=  786.42 KB)  std=156.8881

Dataset file: data\generated\repetitive\text_5M.txt
Patterns file: data\generated\repetitive\patterns_5M.txt
  Scale: 5,000,000 characters

    Pattern: 'AAAAAAAAAAAAAAAAAAAAAAAAA...' (len=25, occurs=150000x)
      Finite Automata     : 7578.3783 ms  (mem=147324.82 KB)  std=38.6763
      Z-Algorithm         : 23299.7497 ms  (mem=191269.28 KB)  std=301.9869
      Bitap               : 564899.0865 ms  (mem=149276.96 KB)  std=106505.3656

    Pattern: 'AAAAAAAAAAAAAAAAAAAAAAAAAAAAAA...' (len=54, occurs=50000x)
      Finite Automata     : 11976.6376 ms  (mem=90690.77 KB)  std=56.4876
      Z-Algorithm         : 43374.8725 ms  (mem=134634.41 KB)  std=489.6879
      Bitap               : 441862.9185 ms  (mem=92641.85 KB)  std=50378.5483

    Pattern: 'AAAAAAAA...' (len=8, occurs=600000x)
      Finite Automata     : 8293.7789 ms  (mem=181892.12 KB)  std=5.6792
      Z-Algorithm         : 23416.1765 ms  (mem=225837.23 KB)  std=82.4479
      Bitap               : 385960.2652 ms  (mem=183844.95 KB)  std=2575.2442

Dataset file: data\generated\repetitive\text_10M.txt
Patterns file: data\generated\repetitive\patterns_10M.txt
  Scale: 10,000,000 characters

    Pattern: 'AAAAAAAAAAAAAAAAAAAA...' (len=20, occurs=400000x)
      Finite Automata     : 15979.3818 ms  (mem=318740.21 KB)  std=388.3248
      Z-Algorithm         : 46010.8288 ms  (mem=406630.46 KB)  std=748.0090
      Bitap               : 1568463.6314 ms  (mem=322645.98 KB)  std=5995.1265

    Pattern: 'AAAAAAAAAAAAAAAAAAAAAAAAAAAAAA...' (len=56, occurs=100000x)
      Finite Automata     : 11067.5174 ms  (mem=175647.39 KB)  std=7.3679
      Z-Algorithm         : 40070.0576 ms  (mem=263536.37 KB)  std=472.1187
      Bitap               : 2274322.9866 ms  (mem=179551.60 KB)  std=717881.8045

    Pattern: 'AABAAAAA...' (len=8, occurs=99999x)
      Finite Automata     : 14075.7464 ms  (mem= 3907.94 KB)  std=14.2310
      Z-Algorithm         : 82078.1940 ms  (mem=91798.04 KB)  std=847.6552
      Bitap               : 1853845.1973 ms  (mem= 7813.58 KB)  std=93883.0984
Traceback (most recent call last):
  File "C:\Users\delkholy\Desktop\String_Matching_Algorithms\evaluate.py", line 37, in <module>
    main()
    ~~~~^^
  File "C:\Users\delkholy\Desktop\String_Matching_Algorithms\evaluate.py", line 27, in main
    evaluator.save_results()
    ~~~~~~~~~~~~~~~~~~~~~~^^
  File "C:\Users\delkholy\Desktop\String_Matching_Algorithms\src\performance_evaluator.py", line 679, in save_results
    print(f"\u2713 Saved results to: {output_file}")
    ~~~~~^^^^^^^^^^^^^^^^^^^^^^^^^^^^^^^^^^^^^^
  File "C:\Program Files\WindowsApps\PythonSoftwareFoundation.Python.3.13_3.13.2544.0_x64__qbz5n2kfra8p0\Lib\encodings\cp1252.py", line 19, in encode
    return codecs.charmap_encode(input,self.errors,encoding_table)[0]
           ~~~~~~~~~~~~~~~~~~~~~^^^^^^^^^^^^^^^^^^^^^^^^^^^^^^^^^^
UnicodeEncodeError: 'charmap' codec can't encode character '\u2713' in position 0: character maps to <undefined>
